0 info it worked if it ends with ok
1 verbose cli [ '/usr/bin/node6', '/usr/bin/npm-default', 'start' ]
2 info using npm@3.10.10
3 info using node@v6.12.2
4 verbose run-script [ 'prestart', 'start', 'poststart' ]
5 info lifecycle react-test@1.0.0~prestart: react-test@1.0.0
6 silly lifecycle react-test@1.0.0~prestart: no script for prestart, continuing
7 info lifecycle react-test@1.0.0~start: react-test@1.0.0
8 verbose lifecycle react-test@1.0.0~start: unsafe-perm in lifecycle true
9 verbose lifecycle react-test@1.0.0~start: PATH: /usr/lib64/node_modules/npm6/bin/node-gyp-bin:/srv/www/htdocs/react/node_modules/.bin:/opt/php-7.2/bin:/home/gainutdinov/bin:/usr/local/bin:/usr/bin:/bin:/usr/bin/X11:/usr/games:/usr/lib/mit/bin:/usr/lib/mit/sbin
10 verbose lifecycle react-test@1.0.0~start: CWD: /srv/www/htdocs/react
11 silly lifecycle react-test@1.0.0~start: Args: [ '-c', 'node server.js' ]
12 silly lifecycle react-test@1.0.0~start: Returned: code: 1  signal: null
13 info lifecycle react-test@1.0.0~start: Failed to exec start script
14 verbose stack Error: react-test@1.0.0 start: `node server.js`
14 verbose stack Exit status 1
14 verbose stack     at EventEmitter.<anonymous> (/usr/lib64/node_modules/npm6/lib/utils/lifecycle.js:255:16)
14 verbose stack     at emitTwo (events.js:106:13)
14 verbose stack     at EventEmitter.emit (events.js:191:7)
14 verbose stack     at ChildProcess.<anonymous> (/usr/lib64/node_modules/npm6/lib/utils/spawn.js:40:14)
14 verbose stack     at emitTwo (events.js:106:13)
14 verbose stack     at ChildProcess.emit (events.js:191:7)
14 verbose stack     at maybeClose (internal/child_process.js:920:16)
14 verbose stack     at Process.ChildProcess._handle.onexit (internal/child_process.js:230:5)
15 verbose pkgid react-test@1.0.0
16 verbose cwd /srv/www/htdocs/react
17 error Linux 4.4.104-39-default
18 error argv "/usr/bin/node6" "/usr/bin/npm-default" "start"
19 error node v6.12.2
20 error npm  v3.10.10
21 error code ELIFECYCLE
22 error react-test@1.0.0 start: `node server.js`
22 error Exit status 1
23 error Failed at the react-test@1.0.0 start script 'node server.js'.
23 error Make sure you have the latest version of node.js and npm installed.
23 error If you do, this is most likely a problem with the react-test package,
23 error not with npm itself.
23 error Tell the author that this fails on your system:
23 error     node server.js
23 error You can get information on how to open an issue for this project with:
23 error     npm bugs react-test
23 error Or if that isn't available, you can get their info via:
23 error     npm owner ls react-test
23 error There is likely additional logging output above.
24 verbose exit [ 1, true ]
